<?xml version="1.0" encoding="UTF-8"?>
<testsuite xmlns:xsi="http://www.w3.org/2001/XMLSchema-instance" xsi:noNamespaceSchemaLocation="https://maven.apache.org/surefire/maven-surefire-plugin/xsd/surefire-test-report-3.0.xsd" version="3.0" name="HomeTest" time="4.913" tests="1" errors="0" skipped="0" failures="0">
  <properties>
    <property name="awt.toolkit" value="sun.awt.X11.XToolkit"/>
    <property name="java.specification.version" value="11"/>
    <property name="sun.cpu.isalist" value=""/>
    <property name="sun.jnu.encoding" value="UTF-8"/>
    <property name="sun.awt.enableExtraMouseButtons" value="true"/>
    <property name="java.vm.vendor" value="Private Build"/>
    <property name="sun.arch.data.model" value="64"/>
    <property name="sun.font.fontmanager" value="sun.awt.X11FontManager"/>
    <property name="java.vendor.url" value="Unknown"/>
    <property name="user.timezone" value="Europe/Rome"/>
    <property name="java.vm.specification.version" value="11"/>
    <property name="os.name" value="Linux"/>
    <property name="sun.java.launcher" value="SUN_STANDARD"/>
    <property name="sun.boot.library.path" value="/usr/lib/jvm/java-11-openjdk-amd64/lib"/>
    <property name="sun.java.command" value="/mnt/d/Users/manto/Desktop/Università/Magistrale/2 ANNO/Tecnologie per le basi di dati/Progetto/ProgettoTBD/target/surefire/surefirebooter2057561292381228154.jar /mnt/d/Users/manto/Desktop/Università/Magistrale/2 ANNO/Tecnologie per le basi di dati/Progetto/ProgettoTBD/target/surefire 2022-07-30T13-27-34_798-jvmRun1 surefire11952332716001665769tmp surefire_014749329249815760138tmp"/>
    <property name="jdk.debug" value="release"/>
    <property name="sun.cpu.endian" value="little"/>
    <property name="user.home" value="/home/manto"/>
    <property name="user.language" value="en"/>
    <property name="java.specification.vendor" value="Oracle Corporation"/>
    <property name="java.version.date" value="2022-04-19"/>
    <property name="java.home" value="/usr/lib/jvm/java-11-openjdk-amd64"/>
    <property name="file.separator" value="/"/>
    <property name="basedir" value="/mnt/d/Users/manto/Desktop/Università/Magistrale/2 ANNO/Tecnologie per le basi di dati/Progetto/ProgettoTBD"/>
    <property name="java.vm.compressedOopsMode" value="32-bit"/>
    <property name="line.separator" value="&#10;"/>
    <property name="java.vm.specification.vendor" value="Oracle Corporation"/>
    <property name="java.specification.name" value="Java Platform API Specification"/>
    <property name="java.awt.graphicsenv" value="sun.awt.X11GraphicsEnvironment"/>
    <property name="surefire.real.class.path" value="/mnt/d/Users/manto/Desktop/Università/Magistrale/2 ANNO/Tecnologie per le basi di dati/Progetto/ProgettoTBD/target/surefire/surefirebooter2057561292381228154.jar"/>
    <property name="sun.management.compiler" value="HotSpot 64-Bit Tiered Compilers"/>
    <property name="java.runtime.version" value="11.0.15+10-Ubuntu-0ubuntu0.20.04.1"/>
    <property name="user.name" value="manto"/>
    <property name="path.separator" value=":"/>
    <property name="os.version" value="5.10.102.1-microsoft-standard-WSL2"/>
    <property name="java.runtime.name" value="OpenJDK Runtime Environment"/>
    <property name="file.encoding" value="UTF-8"/>
    <property name="java.vm.name" value="OpenJDK 64-Bit Server VM"/>
    <property name="localRepository" value="/home/manto/.m2/repository"/>
    <property name="java.vendor.url.bug" value="Unknown"/>
    <property name="java.io.tmpdir" value="/tmp"/>
    <property name="java.version" value="11.0.15"/>
    <property name="user.dir" value="/mnt/d/Users/manto/Desktop/Università/Magistrale/2 ANNO/Tecnologie per le basi di dati/Progetto/ProgettoTBD"/>
    <property name="os.arch" value="amd64"/>
    <property name="java.vm.specification.name" value="Java Virtual Machine Specification"/>
    <property name="java.awt.printerjob" value="sun.print.PSPrinterJob"/>
    <property name="sun.os.patch.level" value="unknown"/>
    <property name="java.library.path" value="/usr/java/packages/lib:/usr/lib/x86_64-linux-gnu/jni:/lib/x86_64-linux-gnu:/usr/lib/x86_64-linux-gnu:/usr/lib/jni:/lib:/usr/lib"/>
    <property name="java.vm.info" value="mixed mode, sharing"/>
    <property name="java.vendor" value="Private Build"/>
    <property name="java.vm.version" value="11.0.15+10-Ubuntu-0ubuntu0.20.04.1"/>
    <property name="sun.io.unicode.encoding" value="UnicodeLittle"/>
    <property name="java.class.version" value="55.0"/>
  </properties>
  <testcase name="testGetConnection" classname="HomeTest" time="0.214">
    <system-out><![CDATA[connecting
Connected!
SELECT MAGAZZINO.CODMAG AS MAG, CATEGORIA.NOMECAT, PRODOTTO.NOME AS PROD, PRODOTTO.TAGLIA, PRODOTTO.QUANTITA, PRODOTTO.PREZZO, PRODOTTO.BARCODE FROM MAGAZZINO, CATEGORIA, PRODOTTO, MAGCAT WHERE MAGAZZINO.CODMAG = MAGCAT.CODMAG AND CATEGORIA.CODCAT = MAGCAT.CODCAT AND CATEGORIA.CODCAT = PRODOTTO.CODCAT ORDER BY MAGAZZINO.CODMAG 
connecting
Connected!
]]></system-out>
  </testcase>
</testsuite>